<?xml version="1.0" encoding="UTF-8"?>
<testng-results ignored="0" total="4" passed="2" failed="2" skipped="0">
  <reporter-output>
  </reporter-output>
  <suite started-at="2024-08-29T07:24:18 IST" name="CrossBrowsingTesting" finished-at="2024-08-29T07:24:37 IST" duration-ms="18448">
    <groups>
    </groups>
    <test started-at="2024-08-29T07:24:18 IST" name="Chrome Test" finished-at="2024-08-29T07:24:25 IST" duration-ms="6784">
      <class name="testscripts.LoginPageTest">
        <test-method is-config="true" signature="initializeMethod(java.lang.String)[pri:0, instance:testscripts.LoginPageTest@3da30852]" started-at="2024-08-29T07:24:18 IST" name="initializeMethod" finished-at="2024-08-29T07:24:22 IST" duration-ms="3130" status="PASS">
          <params>
            <param index="0">
              <value>
                <![CDATA[Chrome]]>
              </value>
            </param>
          </params>
          <reporter-output>
          </reporter-output>
        </test-method> <!-- initializeMethod -->
        <test-method signature="enterValidUsernameAndPassword(java.lang.String,java.lang.String)[pri:1, instance:testscripts.LoginPageTest@3da30852]" started-at="2024-08-29T07:24:22 IST" name="enterValidUsernameAndPassword" data-provider="credentials" finished-at="2024-08-29T07:24:22 IST" duration-ms="869" status="PASS">
          <params>
            <param index="0">
              <value>
                <![CDATA[admin]]>
              </value>
            </param>
            <param index="1">
              <value>
                <![CDATA[admin]]>
              </value>
            </param>
          </params>
          <reporter-output>
          </reporter-output>
        </test-method> <!-- enterValidUsernameAndPassword -->
        <test-method is-config="true" signature="browserQuit(org.testng.ITestResult)[pri:0, instance:testscripts.LoginPageTest@3da30852]" started-at="2024-08-29T07:24:22 IST" name="browserQuit" finished-at="2024-08-29T07:24:22 IST" duration-ms="1" status="PASS">
          <params>
            <param index="0">
              <value>
                <![CDATA[[TestResult name=enterValidUsernameAndPassword status=SUCCESS method=LoginPageTest.enterValidUsernameAndPassword(java.lang.String,java.lang.String)[pri:1, instance:testscripts.LoginPageTest@3da30852] output={null}]]]>
              </value>
            </param>
          </params>
          <reporter-output>
          </reporter-output>
        </test-method> <!-- browserQuit -->
        <test-method is-config="true" signature="initializeMethod(java.lang.String)[pri:0, instance:testscripts.LoginPageTest@3da30852]" started-at="2024-08-29T07:24:22 IST" name="initializeMethod" finished-at="2024-08-29T07:24:24 IST" duration-ms="1711" status="PASS">
          <params>
            <param index="0">
              <value>
                <![CDATA[Chrome]]>
              </value>
            </param>
          </params>
          <reporter-output>
          </reporter-output>
        </test-method> <!-- initializeMethod -->
        <test-method signature="enterValidUsernameAndPassword(java.lang.String,java.lang.String)[pri:1, instance:testscripts.LoginPageTest@3da30852]" started-at="2024-08-29T07:24:24 IST" name="enterValidUsernameAndPassword" data-provider="credentials" finished-at="2024-08-29T07:24:25 IST" duration-ms="613" status="FAIL">
          <params>
            <param index="0">
              <value>
                <![CDATA[admin@123]]>
              </value>
            </param>
            <param index="1">
              <value>
                <![CDATA[admin123]]>
              </value>
            </param>
          </params>
          <exception class="org.openqa.selenium.NoSuchElementException">
            <message>
              <![CDATA[no such element: Unable to locate element: {"method":"xpath","selector":"//p[text()='Dashboard']"}
  (Session info: chrome=128.0.6613.84)
For documentation on this error, please visit: https://www.selenium.dev/documentation/webdriver/troubleshooting/errors#no-such-element-exception
Build info: version: '4.21.0', revision: '79ed462ef4'
System info: os.name: 'Windows 11', os.arch: 'amd64', os.version: '10.0', java.version: '17.0.4.1'
Driver info: org.openqa.selenium.chrome.ChromeDriver
Command: [96a6325e50e586027dc2cfb11c432d52, findElement {using=xpath, value=//p[text()='Dashboard']}]
Capabilities {acceptInsecureCerts: false, browserName: chrome, browserVersion: 128.0.6613.84, chrome: {chromedriverVersion: 128.0.6613.86 (3045ed680fda..., userDataDir: C:\Users\amrit\AppData\Loca...}, fedcm:accounts: true, goog:chromeOptions: {debuggerAddress: localhost:50796}, networkConnectionEnabled: false, pageLoadStrategy: normal, platformName: windows, proxy: Proxy(), se:cdp: ws://localhost:50796/devtoo..., se:cdpVersion: 128.0.6613.84, setWindowRect: true, strictFileInteractability: false, timeouts: {implicit: 0, pageLoad: 300000, script: 30000}, unhandledPromptBehavior: dismiss and notify, webauthn:extension:credBlob: true, webauthn:extension:largeBlob: true, webauthn:extension:minPinLength: true, webauthn:extension:prf: true, webauthn:virtualAuthenticators: true}
Session ID: 96a6325e50e586027dc2cfb11c432d52]]>
            </message>
            <full-stacktrace>
              <![CDATA[org.openqa.selenium.NoSuchElementException: no such element: Unable to locate element: {"method":"xpath","selector":"//p[text()='Dashboard']"}
  (Session info: chrome=128.0.6613.84)
For documentation on this error, please visit: https://www.selenium.dev/documentation/webdriver/troubleshooting/errors#no-such-element-exception
Build info: version: '4.21.0', revision: '79ed462ef4'
System info: os.name: 'Windows 11', os.arch: 'amd64', os.version: '10.0', java.version: '17.0.4.1'
Driver info: org.openqa.selenium.chrome.ChromeDriver
Command: [96a6325e50e586027dc2cfb11c432d52, findElement {using=xpath, value=//p[text()='Dashboard']}]
Capabilities {acceptInsecureCerts: false, browserName: chrome, browserVersion: 128.0.6613.84, chrome: {chromedriverVersion: 128.0.6613.86 (3045ed680fda..., userDataDir: C:\Users\amrit\AppData\Loca...}, fedcm:accounts: true, goog:chromeOptions: {debuggerAddress: localhost:50796}, networkConnectionEnabled: false, pageLoadStrategy: normal, platformName: windows, proxy: Proxy(), se:cdp: ws://localhost:50796/devtoo..., se:cdpVersion: 128.0.6613.84, setWindowRect: true, strictFileInteractability: false, timeouts: {implicit: 0, pageLoad: 300000, script: 30000}, unhandledPromptBehavior: dismiss and notify, webauthn:extension:credBlob: true, webauthn:extension:largeBlob: true, webauthn:extension:minPinLength: true, webauthn:extension:prf: true, webauthn:virtualAuthenticators: true}
Session ID: 96a6325e50e586027dc2cfb11c432d52
at java.base/jdk.internal.reflect.NativeConstructorAccessorImpl.newInstance0(Native Method)
at java.base/jdk.internal.reflect.NativeConstructorAccessorImpl.newInstance(NativeConstructorAccessorImpl.java:77)
at java.base/jdk.internal.reflect.DelegatingConstructorAccessorImpl.newInstance(DelegatingConstructorAccessorImpl.java:45)
at java.base/java.lang.reflect.Constructor.newInstanceWithCaller(Constructor.java:499)
at java.base/java.lang.reflect.Constructor.newInstance(Constructor.java:480)
at org.openqa.selenium.remote.ErrorCodec.decode(ErrorCodec.java:167)
at org.openqa.selenium.remote.codec.w3c.W3CHttpResponseCodec.decode(W3CHttpResponseCodec.java:138)
at org.openqa.selenium.remote.codec.w3c.W3CHttpResponseCodec.decode(W3CHttpResponseCodec.java:50)
at org.openqa.selenium.remote.HttpCommandExecutor.execute(HttpCommandExecutor.java:190)
at org.openqa.selenium.remote.service.DriverCommandExecutor.invokeExecute(DriverCommandExecutor.java:216)
at org.openqa.selenium.remote.service.DriverCommandExecutor.execute(DriverCommandExecutor.java:174)
at org.openqa.selenium.remote.RemoteWebDriver.execute(RemoteWebDriver.java:518)
at org.openqa.selenium.remote.ElementLocation$ElementFinder$2.findElement(ElementLocation.java:165)
at org.openqa.selenium.remote.ElementLocation.findElement(ElementLocation.java:59)
at org.openqa.selenium.remote.RemoteWebDriver.findElement(RemoteWebDriver.java:355)
at org.openqa.selenium.remote.RemoteWebDriver.findElement(RemoteWebDriver.java:349)
at org.openqa.selenium.support.pagefactory.DefaultElementLocator.findElement(DefaultElementLocator.java:68)
at org.openqa.selenium.support.pagefactory.internal.LocatingElementHandler.invoke(LocatingElementHandler.java:38)
at jdk.proxy2/jdk.proxy2.$Proxy16.isDisplayed(Unknown Source)
at pages.Login.isDashboardDisplayed(Login.java:49)
at testscripts.LoginPageTest.enterValidUsernameAndPassword(LoginPageTest.java:36)
at java.base/jdk.internal.reflect.NativeMethodAccessorImpl.invoke0(Native Method)
at java.base/jdk.internal.reflect.NativeMethodAccessorImpl.invoke(NativeMethodAccessorImpl.java:77)
at java.base/jdk.internal.reflect.DelegatingMethodAccessorImpl.invoke(DelegatingMethodAccessorImpl.java:43)
at java.base/java.lang.reflect.Method.invoke(Method.java:568)
at org.testng.internal.invokers.MethodInvocationHelper.invokeMethod(MethodInvocationHelper.java:141)
at org.testng.internal.invokers.TestInvoker.invokeMethod(TestInvoker.java:686)
at org.testng.internal.invokers.TestInvoker.invokeTestMethod(TestInvoker.java:230)
at org.testng.internal.invokers.MethodRunner.runInSequence(MethodRunner.java:63)
at org.testng.internal.invokers.TestInvoker$MethodInvocationAgent.invoke(TestInvoker.java:992)
at org.testng.internal.invokers.TestInvoker.invokeTestMethods(TestInvoker.java:203)
at org.testng.internal.invokers.TestMethodWorker.invokeTestMethods(TestMethodWorker.java:154)
at org.testng.internal.invokers.TestMethodWorker.run(TestMethodWorker.java:134)
at java.base/java.util.ArrayList.forEach(ArrayList.java:1511)
at org.testng.TestRunner.privateRun(TestRunner.java:739)
at org.testng.TestRunner.run(TestRunner.java:614)
at org.testng.SuiteRunner.runTest(SuiteRunner.java:421)
at org.testng.SuiteRunner.runSequentially(SuiteRunner.java:413)
at org.testng.SuiteRunner.privateRun(SuiteRunner.java:373)
at org.testng.SuiteRunner.run(SuiteRunner.java:312)
at org.testng.SuiteRunnerWorker.runSuite(SuiteRunnerWorker.java:52)
at org.testng.SuiteRunnerWorker.run(SuiteRunnerWorker.java:95)
at org.testng.TestNG.runSuitesSequentially(TestNG.java:1274)
at org.testng.TestNG.runSuitesLocally(TestNG.java:1208)
at org.testng.TestNG.runSuites(TestNG.java:1112)
at org.testng.TestNG.run(TestNG.java:1079)
at org.testng.remote.AbstractRemoteTestNG.run(AbstractRemoteTestNG.java:115)
at org.testng.remote.RemoteTestNG.initAndRun(RemoteTestNG.java:293)
at org.testng.remote.RemoteTestNG.main(RemoteTestNG.java:91)
]]>
            </full-stacktrace>
          </exception> <!-- org.openqa.selenium.NoSuchElementException -->
          <reporter-output>
          </reporter-output>
        </test-method> <!-- enterValidUsernameAndPassword -->
        <test-method is-config="true" signature="browserQuit(org.testng.ITestResult)[pri:0, instance:testscripts.LoginPageTest@3da30852]" started-at="2024-08-29T07:24:25 IST" name="browserQuit" finished-at="2024-08-29T07:24:25 IST" duration-ms="368" status="PASS">
          <params>
            <param index="0">
              <value>
                <![CDATA[[TestResult name=enterValidUsernameAndPassword status=FAILURE method=LoginPageTest.enterValidUsernameAndPassword(java.lang.String,java.lang.String)[pri:1, instance:testscripts.LoginPageTest@3da30852] output={null}]]]>
              </value>
            </param>
          </params>
          <reporter-output>
          </reporter-output>
        </test-method> <!-- browserQuit -->
      </class> <!-- testscripts.LoginPageTest -->
    </test> <!-- Chrome Test -->
    <test started-at="2024-08-29T07:24:26 IST" name="Edge Test" finished-at="2024-08-29T07:24:37 IST" duration-ms="10972">
      <class name="testscripts.LoginPageTest">
        <test-method is-config="true" signature="initializeMethod(java.lang.String)[pri:0, instance:testscripts.LoginPageTest@63f8276e]" started-at="2024-08-29T07:24:26 IST" name="initializeMethod" finished-at="2024-08-29T07:24:28 IST" duration-ms="2177" status="PASS">
          <params>
            <param index="0">
              <value>
                <![CDATA[Edge]]>
              </value>
            </param>
          </params>
          <reporter-output>
          </reporter-output>
        </test-method> <!-- initializeMethod -->
        <test-method signature="enterValidUsernameAndPassword(java.lang.String,java.lang.String)[pri:1, instance:testscripts.LoginPageTest@63f8276e]" started-at="2024-08-29T07:24:28 IST" name="enterValidUsernameAndPassword" data-provider="credentials" finished-at="2024-08-29T07:24:29 IST" duration-ms="805" status="PASS">
          <params>
            <param index="0">
              <value>
                <![CDATA[admin]]>
              </value>
            </param>
            <param index="1">
              <value>
                <![CDATA[admin]]>
              </value>
            </param>
          </params>
          <reporter-output>
          </reporter-output>
        </test-method> <!-- enterValidUsernameAndPassword -->
        <test-method is-config="true" signature="browserQuit(org.testng.ITestResult)[pri:0, instance:testscripts.LoginPageTest@63f8276e]" started-at="2024-08-29T07:24:29 IST" name="browserQuit" finished-at="2024-08-29T07:24:29 IST" duration-ms="2" status="PASS">
          <params>
            <param index="0">
              <value>
                <![CDATA[[TestResult name=enterValidUsernameAndPassword status=SUCCESS method=LoginPageTest.enterValidUsernameAndPassword(java.lang.String,java.lang.String)[pri:1, instance:testscripts.LoginPageTest@63f8276e] output={null}]]]>
              </value>
            </param>
          </params>
          <reporter-output>
          </reporter-output>
        </test-method> <!-- browserQuit -->
        <test-method is-config="true" signature="initializeMethod(java.lang.String)[pri:0, instance:testscripts.LoginPageTest@63f8276e]" started-at="2024-08-29T07:24:29 IST" name="initializeMethod" finished-at="2024-08-29T07:24:33 IST" duration-ms="4469" status="PASS">
          <params>
            <param index="0">
              <value>
                <![CDATA[Edge]]>
              </value>
            </param>
          </params>
          <reporter-output>
          </reporter-output>
        </test-method> <!-- initializeMethod -->
        <test-method signature="enterValidUsernameAndPassword(java.lang.String,java.lang.String)[pri:1, instance:testscripts.LoginPageTest@63f8276e]" started-at="2024-08-29T07:24:33 IST" name="enterValidUsernameAndPassword" data-provider="credentials" finished-at="2024-08-29T07:24:34 IST" duration-ms="1107" status="FAIL">
          <params>
            <param index="0">
              <value>
                <![CDATA[admin@123]]>
              </value>
            </param>
            <param index="1">
              <value>
                <![CDATA[admin123]]>
              </value>
            </param>
          </params>
          <exception class="org.openqa.selenium.NoSuchElementException">
            <message>
              <![CDATA[no such element: Unable to locate element: {"method":"xpath","selector":"//p[text()='Dashboard']"}
  (Session info: MicrosoftEdge=128.0.2739.42)
For documentation on this error, please visit: https://www.selenium.dev/documentation/webdriver/troubleshooting/errors#no-such-element-exception
Build info: version: '4.21.0', revision: '79ed462ef4'
System info: os.name: 'Windows 11', os.arch: 'amd64', os.version: '10.0', java.version: '17.0.4.1'
Driver info: org.openqa.selenium.edge.EdgeDriver
Command: [298ef830564c8842e9014fdfe171a9d9, findElement {using=xpath, value=//p[text()='Dashboard']}]
Capabilities {acceptInsecureCerts: false, browserName: MicrosoftEdge, browserVersion: 128.0.2739.42, fedcm:accounts: true, ms:edgeOptions: {debuggerAddress: localhost:50853}, msedge: {msedgedriverVersion: 128.0.2739.42 (e015505d79c9..., userDataDir: C:\Users\amrit\AppData\Loca...}, networkConnectionEnabled: false, pageLoadStrategy: normal, platformName: windows, proxy: Proxy(), se:cdp: ws://localhost:50853/devtoo..., se:cdpVersion: 128.0.2739.42, setWindowRect: true, strictFileInteractability: false, timeouts: {implicit: 0, pageLoad: 300000, script: 30000}, unhandledPromptBehavior: dismiss and notify, webauthn:extension:credBlob: true, webauthn:extension:largeBlob: true, webauthn:extension:minPinLength: true, webauthn:extension:prf: true, webauthn:virtualAuthenticators: true}
Session ID: 298ef830564c8842e9014fdfe171a9d9]]>
            </message>
            <full-stacktrace>
              <![CDATA[org.openqa.selenium.NoSuchElementException: no such element: Unable to locate element: {"method":"xpath","selector":"//p[text()='Dashboard']"}
  (Session info: MicrosoftEdge=128.0.2739.42)
For documentation on this error, please visit: https://www.selenium.dev/documentation/webdriver/troubleshooting/errors#no-such-element-exception
Build info: version: '4.21.0', revision: '79ed462ef4'
System info: os.name: 'Windows 11', os.arch: 'amd64', os.version: '10.0', java.version: '17.0.4.1'
Driver info: org.openqa.selenium.edge.EdgeDriver
Command: [298ef830564c8842e9014fdfe171a9d9, findElement {using=xpath, value=//p[text()='Dashboard']}]
Capabilities {acceptInsecureCerts: false, browserName: MicrosoftEdge, browserVersion: 128.0.2739.42, fedcm:accounts: true, ms:edgeOptions: {debuggerAddress: localhost:50853}, msedge: {msedgedriverVersion: 128.0.2739.42 (e015505d79c9..., userDataDir: C:\Users\amrit\AppData\Loca...}, networkConnectionEnabled: false, pageLoadStrategy: normal, platformName: windows, proxy: Proxy(), se:cdp: ws://localhost:50853/devtoo..., se:cdpVersion: 128.0.2739.42, setWindowRect: true, strictFileInteractability: false, timeouts: {implicit: 0, pageLoad: 300000, script: 30000}, unhandledPromptBehavior: dismiss and notify, webauthn:extension:credBlob: true, webauthn:extension:largeBlob: true, webauthn:extension:minPinLength: true, webauthn:extension:prf: true, webauthn:virtualAuthenticators: true}
Session ID: 298ef830564c8842e9014fdfe171a9d9
at java.base/jdk.internal.reflect.NativeConstructorAccessorImpl.newInstance0(Native Method)
at java.base/jdk.internal.reflect.NativeConstructorAccessorImpl.newInstance(NativeConstructorAccessorImpl.java:77)
at java.base/jdk.internal.reflect.DelegatingConstructorAccessorImpl.newInstance(DelegatingConstructorAccessorImpl.java:45)
at java.base/java.lang.reflect.Constructor.newInstanceWithCaller(Constructor.java:499)
at java.base/java.lang.reflect.Constructor.newInstance(Constructor.java:480)
at org.openqa.selenium.remote.ErrorCodec.decode(ErrorCodec.java:167)
at org.openqa.selenium.remote.codec.w3c.W3CHttpResponseCodec.decode(W3CHttpResponseCodec.java:138)
at org.openqa.selenium.remote.codec.w3c.W3CHttpResponseCodec.decode(W3CHttpResponseCodec.java:50)
at org.openqa.selenium.remote.HttpCommandExecutor.execute(HttpCommandExecutor.java:190)
at org.openqa.selenium.remote.service.DriverCommandExecutor.invokeExecute(DriverCommandExecutor.java:216)
at org.openqa.selenium.remote.service.DriverCommandExecutor.execute(DriverCommandExecutor.java:174)
at org.openqa.selenium.remote.RemoteWebDriver.execute(RemoteWebDriver.java:518)
at org.openqa.selenium.remote.ElementLocation$ElementFinder$2.findElement(ElementLocation.java:165)
at org.openqa.selenium.remote.ElementLocation.findElement(ElementLocation.java:59)
at org.openqa.selenium.remote.RemoteWebDriver.findElement(RemoteWebDriver.java:355)
at org.openqa.selenium.remote.RemoteWebDriver.findElement(RemoteWebDriver.java:349)
at org.openqa.selenium.support.pagefactory.DefaultElementLocator.findElement(DefaultElementLocator.java:68)
at org.openqa.selenium.support.pagefactory.internal.LocatingElementHandler.invoke(LocatingElementHandler.java:38)
at jdk.proxy2/jdk.proxy2.$Proxy16.isDisplayed(Unknown Source)
at pages.Login.isDashboardDisplayed(Login.java:49)
at testscripts.LoginPageTest.enterValidUsernameAndPassword(LoginPageTest.java:36)
at java.base/jdk.internal.reflect.NativeMethodAccessorImpl.invoke0(Native Method)
at java.base/jdk.internal.reflect.NativeMethodAccessorImpl.invoke(NativeMethodAccessorImpl.java:77)
at java.base/jdk.internal.reflect.DelegatingMethodAccessorImpl.invoke(DelegatingMethodAccessorImpl.java:43)
at java.base/java.lang.reflect.Method.invoke(Method.java:568)
at org.testng.internal.invokers.MethodInvocationHelper.invokeMethod(MethodInvocationHelper.java:141)
at org.testng.internal.invokers.TestInvoker.invokeMethod(TestInvoker.java:686)
at org.testng.internal.invokers.TestInvoker.invokeTestMethod(TestInvoker.java:230)
at org.testng.internal.invokers.MethodRunner.runInSequence(MethodRunner.java:63)
at org.testng.internal.invokers.TestInvoker$MethodInvocationAgent.invoke(TestInvoker.java:992)
at org.testng.internal.invokers.TestInvoker.invokeTestMethods(TestInvoker.java:203)
at org.testng.internal.invokers.TestMethodWorker.invokeTestMethods(TestMethodWorker.java:154)
at org.testng.internal.invokers.TestMethodWorker.run(TestMethodWorker.java:134)
at java.base/java.util.ArrayList.forEach(ArrayList.java:1511)
at org.testng.TestRunner.privateRun(TestRunner.java:739)
at org.testng.TestRunner.run(TestRunner.java:614)
at org.testng.SuiteRunner.runTest(SuiteRunner.java:421)
at org.testng.SuiteRunner.runSequentially(SuiteRunner.java:413)
at org.testng.SuiteRunner.privateRun(SuiteRunner.java:373)
at org.testng.SuiteRunner.run(SuiteRunner.java:312)
at org.testng.SuiteRunnerWorker.runSuite(SuiteRunnerWorker.java:52)
at org.testng.SuiteRunnerWorker.run(SuiteRunnerWorker.java:95)
at org.testng.TestNG.runSuitesSequentially(TestNG.java:1274)
at org.testng.TestNG.runSuitesLocally(TestNG.java:1208)
at org.testng.TestNG.runSuites(TestNG.java:1112)
at org.testng.TestNG.run(TestNG.java:1079)
at org.testng.remote.AbstractRemoteTestNG.run(AbstractRemoteTestNG.java:115)
at org.testng.remote.RemoteTestNG.initAndRun(RemoteTestNG.java:293)
at org.testng.remote.RemoteTestNG.main(RemoteTestNG.java:91)
]]>
            </full-stacktrace>
          </exception> <!-- org.openqa.selenium.NoSuchElementException -->
          <reporter-output>
          </reporter-output>
        </test-method> <!-- enterValidUsernameAndPassword -->
        <test-method is-config="true" signature="browserQuit(org.testng.ITestResult)[pri:0, instance:testscripts.LoginPageTest@63f8276e]" started-at="2024-08-29T07:24:34 IST" name="browserQuit" finished-at="2024-08-29T07:24:37 IST" duration-ms="2395" status="PASS">
          <params>
            <param index="0">
              <value>
                <![CDATA[[TestResult name=enterValidUsernameAndPassword status=FAILURE method=LoginPageTest.enterValidUsernameAndPassword(java.lang.String,java.lang.String)[pri:1, instance:testscripts.LoginPageTest@63f8276e] output={null}]]]>
              </value>
            </param>
          </params>
          <reporter-output>
          </reporter-output>
        </test-method> <!-- browserQuit -->
      </class> <!-- testscripts.LoginPageTest -->
    </test> <!-- Edge Test -->
  </suite> <!-- CrossBrowsingTesting -->
</testng-results>
