<?xml version="1.0" encoding="UTF-8"?>
<testng-results ignored="0" total="5" passed="5" failed="0" skipped="0">
  <reporter-output>
  </reporter-output>
  <suite started-at="2024-08-26T11:36:43 IST" name="Default suite" finished-at="2024-08-26T11:36:57 IST" duration-ms="14321">
    <groups>
    </groups>
    <test started-at="2024-08-26T11:36:43 IST" name="Default test" finished-at="2024-08-26T11:36:57 IST" duration-ms="14321">
      <class name="testscripts.LoginPageTest">
        <test-method is-config="true" signature="beforeMethod()[pri:0, instance:testscripts.LoginPageTest@16eb3ea3]" started-at="2024-08-26T11:36:43 IST" name="beforeMethod" finished-at="2024-08-26T11:36:46 IST" duration-ms="3103" status="PASS">
          <reporter-output>
          </reporter-output>
        </test-method> <!-- beforeMethod -->
        <test-method signature="enterValidUsernameAndPassword()[pri:1, instance:testscripts.LoginPageTest@16eb3ea3]" started-at="2024-08-26T11:36:46 IST" name="enterValidUsernameAndPassword" finished-at="2024-08-26T11:36:48 IST" duration-ms="1425" status="PASS">
          <reporter-output>
          </reporter-output>
        </test-method> <!-- enterValidUsernameAndPassword -->
        <test-method is-config="true" signature="afterMethod()[pri:0, instance:testscripts.LoginPageTest@16eb3ea3]" started-at="2024-08-26T11:36:48 IST" name="afterMethod" finished-at="2024-08-26T11:36:48 IST" duration-ms="179" status="PASS">
          <reporter-output>
          </reporter-output>
        </test-method> <!-- afterMethod -->
        <test-method is-config="true" signature="beforeMethod()[pri:0, instance:testscripts.LoginPageTest@16eb3ea3]" started-at="2024-08-26T11:36:48 IST" name="beforeMethod" finished-at="2024-08-26T11:36:49 IST" duration-ms="1595" status="PASS">
          <reporter-output>
          </reporter-output>
        </test-method> <!-- beforeMethod -->
        <test-method signature="adminLogout()[pri:2, instance:testscripts.LoginPageTest@16eb3ea3]" started-at="2024-08-26T11:36:49 IST" name="adminLogout" finished-at="2024-08-26T11:36:50 IST" duration-ms="958" status="PASS">
          <reporter-output>
          </reporter-output>
        </test-method> <!-- adminLogout -->
        <test-method is-config="true" signature="afterMethod()[pri:0, instance:testscripts.LoginPageTest@16eb3ea3]" started-at="2024-08-26T11:36:50 IST" name="afterMethod" finished-at="2024-08-26T11:36:50 IST" duration-ms="163" status="PASS">
          <reporter-output>
          </reporter-output>
        </test-method> <!-- afterMethod -->
        <test-method is-config="true" signature="beforeMethod()[pri:0, instance:testscripts.LoginPageTest@16eb3ea3]" started-at="2024-08-26T11:36:50 IST" name="beforeMethod" finished-at="2024-08-26T11:36:52 IST" duration-ms="1600" status="PASS">
          <reporter-output>
          </reporter-output>
        </test-method> <!-- beforeMethod -->
        <test-method signature="enterValidUsernameandinvalidPasword()[pri:3, instance:testscripts.LoginPageTest@16eb3ea3]" started-at="2024-08-26T11:36:52 IST" name="enterValidUsernameandinvalidPasword" finished-at="2024-08-26T11:36:53 IST" duration-ms="531" status="PASS">
          <reporter-output>
          </reporter-output>
        </test-method> <!-- enterValidUsernameandinvalidPasword -->
        <test-method is-config="true" signature="afterMethod()[pri:0, instance:testscripts.LoginPageTest@16eb3ea3]" started-at="2024-08-26T11:36:53 IST" name="afterMethod" finished-at="2024-08-26T11:36:53 IST" duration-ms="136" status="PASS">
          <reporter-output>
          </reporter-output>
        </test-method> <!-- afterMethod -->
        <test-method is-config="true" signature="beforeMethod()[pri:0, instance:testscripts.LoginPageTest@16eb3ea3]" started-at="2024-08-26T11:36:53 IST" name="beforeMethod" finished-at="2024-08-26T11:36:54 IST" duration-ms="1571" status="PASS">
          <reporter-output>
          </reporter-output>
        </test-method> <!-- beforeMethod -->
        <test-method signature="enterInvalidUserNameandValidPassword()[pri:4, instance:testscripts.LoginPageTest@16eb3ea3]" started-at="2024-08-26T11:36:54 IST" name="enterInvalidUserNameandValidPassword" finished-at="2024-08-26T11:36:55 IST" duration-ms="449" status="PASS">
          <reporter-output>
          </reporter-output>
        </test-method> <!-- enterInvalidUserNameandValidPassword -->
        <test-method is-config="true" signature="afterMethod()[pri:0, instance:testscripts.LoginPageTest@16eb3ea3]" started-at="2024-08-26T11:36:55 IST" name="afterMethod" finished-at="2024-08-26T11:36:55 IST" duration-ms="157" status="PASS">
          <reporter-output>
          </reporter-output>
        </test-method> <!-- afterMethod -->
        <test-method is-config="true" signature="beforeMethod()[pri:0, instance:testscripts.LoginPageTest@16eb3ea3]" started-at="2024-08-26T11:36:55 IST" name="beforeMethod" finished-at="2024-08-26T11:36:57 IST" duration-ms="1644" status="PASS">
          <reporter-output>
          </reporter-output>
        </test-method> <!-- beforeMethod -->
        <test-method signature="enteInvalidUserNameandPassword()[pri:5, instance:testscripts.LoginPageTest@16eb3ea3]" started-at="2024-08-26T11:36:57 IST" name="enteInvalidUserNameandPassword" finished-at="2024-08-26T11:36:57 IST" duration-ms="566" status="PASS">
          <reporter-output>
          </reporter-output>
        </test-method> <!-- enteInvalidUserNameandPassword -->
        <test-method is-config="true" signature="afterMethod()[pri:0, instance:testscripts.LoginPageTest@16eb3ea3]" started-at="2024-08-26T11:36:57 IST" name="afterMethod" finished-at="2024-08-26T11:36:57 IST" duration-ms="175" status="PASS">
          <reporter-output>
          </reporter-output>
        </test-method> <!-- afterMethod -->
      </class> <!-- testscripts.LoginPageTest -->
    </test> <!-- Default test -->
  </suite> <!-- Default suite -->
</testng-results>
