<?xml version="1.0" encoding="UTF-8"?>
<!-- Generated by org.testng.reporters.JUnitXMLReporter -->
<testsuite ignored="0" hostname="Amritha" failures="0" tests="5" name="Default test" time="14.321" errors="0" timestamp="2024-08-26T11:36:57 IST">
  <testcase classname="testscripts.LoginPageTest" name="enterValidUsernameAndPassword" time="1.425"/>
  <testcase classname="testscripts.LoginPageTest" name="adminLogout" time="0.958"/>
  <testcase classname="testscripts.LoginPageTest" name="enterValidUsernameandinvalidPasword" time="0.531"/>
  <testcase classname="testscripts.LoginPageTest" name="enterInvalidUserNameandValidPassword" time="0.449"/>
  <testcase classname="testscripts.LoginPageTest" name="enteInvalidUserNameandPassword" time="0.566"/>
</testsuite> <!-- Default test -->
