<?xml version="1.0" encoding="UTF-8"?>
<!-- Generated by org.testng.reporters.JUnitXMLReporter -->
<testsuite ignored="0" hostname="Amritha" failures="0" tests="5" name="Default test" time="17.041" errors="0" timestamp="2024-08-21T11:10:18 IST">
  <testcase classname="testscripts.LoginPageTest" name="enterValidUsernameAndPassword" time="3.63"/>
  <testcase classname="testscripts.LoginPageTest" name="adminLogout" time="0.945"/>
  <testcase classname="testscripts.LoginPageTest" name="enterValidUsernameandinvalidPasword" time="0.536"/>
  <testcase classname="testscripts.LoginPageTest" name="enterInvalidUserNameandValidPassword" time="0.49"/>
  <testcase classname="testscripts.LoginPageTest" name="enteInvalidUserNameandPassword" time="0.485"/>
</testsuite> <!-- Default test -->
