<?xml version="1.0" encoding="UTF-8"?>
<!-- Generated by org.testng.reporters.JUnitXMLReporter -->
<testsuite ignored="0" hostname="Amritha" failures="0" tests="4" name="Chaining Implemented" time="12.387" errors="0" timestamp="2024-09-10T21:49:50 IST">
  <testcase classname="testscripts.LoginPageTest" name="enterValidUsernameAndPassword" time="1.35"/>
  <testcase classname="testscripts.LoginPageTest" name="enterValidUsernameandinvalidPasword" time="1.023"/>
  <testcase classname="testscripts.LoginPageTest" name="enterInvalidUserNameandValidPassword" time="0.487"/>
  <testcase classname="testscripts.LoginPageTest" name="enteInvalidUserNameandPassword" time="0.512"/>
</testsuite> <!-- Chaining Implemented -->
