<?xml version="1.0" encoding="UTF-8"?>
<!-- Generated by org.testng.reporters.JUnitXMLReporter -->
<testsuite ignored="0" hostname="Amritha" failures="0" tests="4" name="Chrome Test" time="19.589" errors="0" timestamp="2024-09-10T21:49:15 IST">
  <testcase classname="testscripts.LoginPageTest" name="enterValidUsernameAndPassword" time="1.138"/>
  <testcase classname="testscripts.LoginPageTest" name="enterValidUsernameandinvalidPasword" time="1.345"/>
  <testcase classname="testscripts.LoginPageTest" name="enterInvalidUserNameandValidPassword" time="0.502"/>
  <testcase classname="testscripts.LoginPageTest" name="enteInvalidUserNameandPassword" time="0.522"/>
</testsuite> <!-- Chrome Test -->
