<?xml version="1.0" encoding="UTF-8"?>
<!-- Generated by org.testng.reporters.JUnitXMLReporter -->
<testsuite ignored="4" hostname="Amritha" failures="0" tests="0" time="0.027" errors="0" timestamp="2024-09-10T21:47:45 IST">
  <testcase classname="testscripts.LoginPageTest" name="enterValidUsernameAndPassword" time="0.0">
    <ignored/>
  </testcase> <!-- enterValidUsernameAndPassword -->
  <testcase classname="testscripts.LoginPageTest" name="enteInvalidUserNameandPassword" time="0.0">
    <ignored/>
  </testcase> <!-- enteInvalidUserNameandPassword -->
  <testcase classname="testscripts.LoginPageTest" name="enterValidUsernameandinvalidPasword" time="0.0">
    <ignored/>
  </testcase> <!-- enterValidUsernameandinvalidPasword -->
  <testcase classname="testscripts.LoginPageTest" name="enterInvalidUserNameandValidPassword" time="0.0">
    <ignored/>
  </testcase> <!-- enterInvalidUserNameandValidPassword -->
</testsuite>
