<?xml version="1.0" encoding="UTF-8"?>
<!-- Generated by org.testng.reporters.JUnitXMLReporter -->
<testsuite ignored="4" hostname="Amritha" failures="0" tests="1" name="7rmartLiveProjectTest" time="6.149" errors="0" timestamp="2024-08-23T07:32:42 IST">
  <testcase classname="testscripts.LoginPageTest" name="enterValidUsernameAndPassword" time="1.627"/>
  <testcase classname="testscripts.LoginPageTest" name="enterInvalidUserNameandValidPassword" time="0.0">
    <ignored/>
  </testcase> <!-- enterInvalidUserNameandValidPassword -->
  <testcase classname="testscripts.LoginPageTest" name="adminLogout" time="0.0">
    <ignored/>
  </testcase> <!-- adminLogout -->
  <testcase classname="testscripts.LoginPageTest" name="enteInvalidUserNameandPassword" time="0.0">
    <ignored/>
  </testcase> <!-- enteInvalidUserNameandPassword -->
  <testcase classname="testscripts.LoginPageTest" name="enterValidUsernameandinvalidPasword" time="0.0">
    <ignored/>
  </testcase> <!-- enterValidUsernameandinvalidPasword -->
</testsuite> <!-- 7rmartLiveProjectTest -->
