<?xml version="1.0" encoding="UTF-8"?>
<!-- Generated by org.testng.reporters.JUnitXMLReporter -->
<testsuite ignored="0" hostname="Amritha" failures="1" tests="6" name="Extent_Report" time="21.745" errors="0" timestamp="2024-08-27T07:07:46 IST">
  <testcase classname="testscripts.LoginPageTest" name="enterValidUsernameAndPassword" time="0.922"/>
  <testcase classname="testscripts.LoginPageTest" name="enterValidUsernameAndPassword" time="0.064">
    <failure type="java.lang.IllegalArgumentException" message="Keys to send should be a not null CharSequence">
      <![CDATA[java.lang.IllegalArgumentException: Keys to send should be a not null CharSequence
at org.openqa.selenium.remote.RemoteWebElement.sendKeys(RemoteWebElement.java:96)
at org.openqa.selenium.support.pagefactory.internal.LocatingElementHandler.invoke(LocatingElementHandler.java:51)
at jdk.proxy2/jdk.proxy2.$Proxy16.sendKeys(Unknown Source)
at pages.Login.enterValidUsername(Login.java:28)
at testscripts.LoginPageTest.enterValidUsernameAndPassword(LoginPageTest.java:32)
at java.base/java.util.ArrayList.forEach(ArrayList.java:1511)
... Removed 31 stack frames]]>
    </failure>
  </testcase> <!-- enterValidUsernameAndPassword -->
  <testcase classname="testscripts.LoginPageTest" name="adminLogout" time="2.029"/>
  <testcase classname="testscripts.LoginPageTest" name="enterValidUsernameandinvalidPasword" time="0.912"/>
  <testcase classname="testscripts.LoginPageTest" name="enterInvalidUserNameandValidPassword" time="0.885"/>
  <testcase classname="testscripts.LoginPageTest" name="enteInvalidUserNameandPassword" time="1.051"/>
</testsuite> <!-- Extent_Report -->
